# JRE version: Java(TM) SE Runtime Environment (8.0_45-b15) (build 1.8.0_45-b15)
# Java VM: Java HotSpot(TM) 64-Bit Server VM (25.45-b02 mixed mode windows-amd64 compressed oops)
Heap:
 PSYoungGen      total 38400K, used 33373K [0x00000000d5980000, 0x00000000d8400000, 0x0000000100000000)
  eden space 33280K, 93% used [0x00000000d5980000,0x00000000d78063d0,0x00000000d7a00000)
  from space 5120K, 41% used [0x00000000d7f00000,0x00000000d8111358,0x00000000d8400000)
  to   space 5120K, 0% used [0x00000000d7a00000,0x00000000d7a00000,0x00000000d7f00000)
 ParOldGen       total 87552K, used 1711K [0x0000000080c00000, 0x0000000086180000, 0x00000000d5980000)
  object space 87552K, 1% used [0x0000000080c00000,0x0000000080dabdd8,0x0000000086180000)
 Metaspace       used 9668K, capacity 9958K, committed 10240K, reserved 1058816K
  class space    used 1155K, capacity 1249K, committed 1280K, reserved 1048576K
GC Heap History (6 events):
Event: 0.951 GC heap before
{Heap before GC invocations=1 (full 0):
 PSYoungGen      total 38400K, used 12025K [0x00000000d5980000, 0x00000000d8400000, 0x0000000100000000)
  eden space 33280K, 36% used [0x00000000d5980000,0x00000000d653e5c0,0x00000000d7a00000)
  from space 5120K, 0% used [0x00000000d7f00000,0x00000000d7f00000,0x00000000d8400000)
  to   space 5120K, 0% used [0x00000000d7a00000,0x00000000d7a00000,0x00000000d7f00000)
 ParOldGen       total 87552K, used 0K [0x0000000080c00000, 0x0000000086180000, 0x00000000d5980000)
  object space 87552K, 0% used [0x0000000080c00000,0x0000000080c00000,0x0000000086180000)
 Metaspace       used 7045K, capacity 7188K, committed 7424K, reserved 1056768K
  class space    used 842K, capacity 929K, committed 1024K, reserved 1048576K
Event: 0.955 GC heap after
Heap after GC invocations=1 (full 0):
 PSYoungGen      total 38400K, used 1856K [0x00000000d5980000, 0x00000000d8400000, 0x0000000100000000)
  eden space 33280K, 0% used [0x00000000d5980000,0x00000000d5980000,0x00000000d7a00000)
  from space 5120K, 36% used [0x00000000d7a00000,0x00000000d7bd0020,0x00000000d7f00000)
  to   space 5120K, 0% used [0x00000000d7f00000,0x00000000d7f00000,0x00000000d8400000)
 ParOldGen       total 87552K, used 8K [0x0000000080c00000, 0x0000000086180000, 0x00000000d5980000)
  object space 87552K, 0% used [0x0000000080c00000,0x0000000080c02000,0x0000000086180000)
 Metaspace       used 7045K, capacity 7188K, committed 7424K, reserved 1056768K
  class space    used 842K, capacity 929K, committed 1024K, reserved 1048576K
}
Event: 0.955 GC heap before
{Heap before GC invocations=2 (full 1):
 PSYoungGen      total 38400K, used 1856K [0x00000000d5980000, 0x00000000d8400000, 0x0000000100000000)
  eden space 33280K, 0% used [0x00000000d5980000,0x00000000d5980000,0x00000000d7a00000)
  from space 5120K, 36% used [0x00000000d7a00000,0x00000000d7bd0020,0x00000000d7f00000)
  to   space 5120K, 0% used [0x00000000d7f00000,0x00000000d7f00000,0x00000000d8400000)
 ParOldGen       total 87552K, used 8K [0x0000000080c00000, 0x0000000086180000, 0x00000000d5980000)
  object space 87552K, 0% used [0x0000000080c00000,0x0000000080c02000,0x0000000086180000)
 Metaspace       used 7045K, capacity 7188K, committed 7424K, reserved 1056768K
  class space    used 842K, capacity 929K, committed 1024K, reserved 1048576K
Event: 0.966 GC heap after
Heap after GC invocations=2 (full 1):
 PSYoungGen      total 38400K, used 0K [0x00000000d5980000, 0x00000000d8400000, 0x0000000100000000)
  eden space 33280K, 0% used [0x00000000d5980000,0x00000000d5980000,0x00000000d7a00000)
  from space 5120K, 0% used [0x00000000d7a00000,0x00000000d7a00000,0x00000000d7f00000)
  to   space 5120K, 0% used [0x00000000d7f00000,0x00000000d7f00000,0x00000000d8400000)
 ParOldGen       total 87552K, used 1703K [0x0000000080c00000, 0x0000000086180000, 0x00000000d5980000)
  object space 87552K, 1% used [0x0000000080c00000,0x0000000080da9dd8,0x0000000086180000)
 Metaspace       used 7045K, capacity 7188K, committed 7424K, reserved 1056768K
  class space    used 842K, capacity 929K, committed 1024K, reserved 1048576K
}
Event: 35.765 GC heap before
{Heap before GC invocations=3 (full 1):
 PSYoungGen      total 38400K, used 33280K [0x00000000d5980000, 0x00000000d8400000, 0x0000000100000000)
  eden space 33280K, 100% used [0x00000000d5980000,0x00000000d7a00000,0x00000000d7a00000)
  from space 5120K, 0% used [0x00000000d7a00000,0x00000000d7a00000,0x00000000d7f00000)
  to   space 5120K, 0% used [0x00000000d7f00000,0x00000000d7f00000,0x00000000d8400000)
 ParOldGen       total 87552K, used 1703K [0x0000000080c00000, 0x0000000086180000, 0x00000000d5980000)
  object space 87552K, 1% used [0x0000000080c00000,0x0000000080da9dd8,0x0000000086180000)
 Metaspace       used 9587K, capacity 9882K, committed 9984K, reserved 1058816K
  class space    used 1150K, capacity 1247K, committed 1280K, reserved 1048576K
Event: 35.783 GC heap after
Heap after GC invocations=3 (full 1):
 PSYoungGen      total 38400K, used 2116K [0x00000000d5980000, 0x00000000d8400000, 0x0000000100000000)
  eden space 33280K, 0% used [0x00000000d5980000,0x00000000d5980000,0x00000000d7a00000)
  from space 5120K, 41% used [0x00000000d7f00000,0x00000000d8111358,0x00000000d8400000)
  to   space 5120K, 0% used [0x00000000d7a00000,0x00000000d7a00000,0x00000000d7f00000)
 ParOldGen       total 87552K, used 1711K [0x0000000080c00000, 0x0000000086180000, 0x00000000d5980000)
  object space 87552K, 1% used [0x0000000080c00000,0x0000000080dabdd8,0x0000000086180000)
 Metaspace       used 9587K, capacity 9882K, committed 9984K, reserved 1058816K
  class space    used 1150K, capacity 1247K, committed 1280K, reserved 1048576K
}

